build/outputs/logs/manifest-merger-debug-report.txt
-- Merging decision tree log ---
manifest
ADDED from src/main/AndroidManifest.xml:1:1-3:12
INJECTED from src/main/AndroidManifest.xml:1:1-3:12
INJECTED from src/main/AndroidManifest.xml:1:1-3:12
INJECTED from src/main/AndroidManifest.xml:1:1-3:12
INJECTED from src/main/AndroidManifest.xml:1:1-3:12
INJECTED from src/main/AndroidManifest.xml:1:1-3:12
INJECTED from src/main/AndroidManifest.xml:1:1-3:12
	package
		ADDED from src/main/AndroidManifest.xml:2:11-37
		INJECTED from src/main/AndroidManifest.xml
		INJECTED from src/main/AndroidManifest.xml
	android:versionName
		INJECTED from src/main/AndroidManifest.xml
		ADDED from src/main/AndroidManifest.xml:1:1-3:12
		INJECTED from src/main/AndroidManifest.xml
	xml:android
		ADDED from src/main/AndroidManifest.xml:1:11-67
	xmlns:android
		ADDED from src/main/AndroidManifest.xml:1:1-3:12
	android:versionCode
		INJECTED from src/main/AndroidManifest.xml
		ADDED from src/main/AndroidManifest.xml:1:1-3:12
		INJECTED from src/main/AndroidManifest.xml
uses-sdk
INJECTED from src/main/AndroidManifest.xml reason: use-sdk injection requested
INJECTED from src/main/AndroidManifest.xml
INJECTED from src/main/AndroidManifest.xml
INJECTED from src/main/AndroidManifest.xml
INJECTED from src/main/AndroidManifest.xml
	android:targetSdkVersion
		INJECTED from src/main/AndroidManifest.xml
		ADDED from src/main/AndroidManifest.xml
		INJECTED from src/main/AndroidManifest.xml
	android:minSdkVersion
		INJECTED from src/main/AndroidManifest.xml
		ADDED from src/main/AndroidManifest.xml
		INJECTED from src/main/AndroidManifest.xml